<?xml version="1.0" encoding="UTF-8" ?>
<testsuite tests="1" failures="0" name="com.github.ricksbrown.cowsay.CowFormatterTest" time="0.001" errors="0" skipped="0">
  <properties>
    <property name="java.runtime.name" value="OpenJDK Runtime Environment"/>
    <property name="java.vm.version" value="19.0.1+10-21"/>
    <property name="sun.boot.library.path" value="C:\Users\lomip\Documents\Master\Intégration_Continue\jdk-19.0.1\bin"/>
    <property name="maven.multiModuleProjectDirectory" value="C:\Users\lomip\Documents\Master\Intégration_Continue\TP01\cowsay-master\jenkins-cows"/>
    <property name="java.vm.vendor" value="Oracle Corporation"/>
    <property name="java.vendor.url" value="https://java.oracle.com/"/>
    <property name="guice.disable.misplaced.annotation.check" value="true"/>
    <property name="path.separator" value=";"/>
    <property name="java.vm.name" value="OpenJDK 64-Bit Server VM"/>
    <property name="sun.os.patch.level" value=""/>
    <property name="user.script" value=""/>
    <property name="user.country" value="FR"/>
    <property name="sun.java.launcher" value="SUN_STANDARD"/>
    <property name="java.vm.specification.name" value="Java Virtual Machine Specification"/>
    <property name="user.dir" value="C:\Users\lomip\Documents\Master\Intégration_Continue\TP01\cowsay-master\jenkins-cows"/>
    <property name="java.vm.compressedOopsMode" value="Zero based"/>
    <property name="java.runtime.version" value="19.0.1+10-21"/>
    <property name="os.arch" value="amd64"/>
    <property name="java.io.tmpdir" value="C:\Users\lomip\AppData\Local\Temp\"/>
    <property name="line.separator" value="
"/>
    <property name="java.vm.specification.vendor" value="Oracle Corporation"/>
    <property name="user.variant" value=""/>
    <property name="stderr.encoding" value="cp850"/>
    <property name="os.name" value="Windows 10"/>
    <property name="classworlds.conf" value="C:\Users\lomip\Documents\Master\Intégration_Continue\apache-maven-3.8.6\bin\m2.conf"/>
    <property name="sun.jnu.encoding" value="Cp1252"/>
    <property name="stdout.encoding" value="cp850"/>
    <property name="java.library.path" value="C:\Users\lomip\Documents\Master\Intégration_Continue\jdk-19.0.1\bin;C:\Windows\Sun\Java\bin;C:\Windows\system32;C:\Windows;C:\Program Files\Google\Chrome\Application;C:\Program Files\Eclipse Adoptium\jdk-17.0.5.8-hotspot\bin;C:\Program Files (x86)\Razer Chroma SDK\bin;C:\Program Files\Razer Chroma SDK\bin;C:\Program Files (x86)\Razer\ChromaBroadcast\bin;C:\Program Files\Razer\ChromaBroadcast\bin;C:\Windows\system32;C:\Windows;C:\Windows\System32\Wbem;C:\Windows\System32\WindowsPowerShell\v1.0\;C:\Windows\System32\OpenSSH\;C:\Program Files (x86)\NVIDIA Corporation\PhysX\Common;C:\Program Files\NVIDIA Corporation\NVIDIA NvDLISR;C:\Program Files\Git\cmd;C:\Windows\system32\config\systemprofile\AppData\Local\Microsoft\WindowsApps;C:\MAMP\bin\php\php8.0.1;C:\ProgramData\ComposerSetup\bin;C:\Program Files\dotnet\;C:\Users\lomip\Documents\Master\Intégration_Continue\jdk-19.0.1;C:\Users\lomip\Documents\Master\Intégration_Continue\apache-maven-3.8.6\bin;C:\Program Files\Common Files\Oracle\Java\javapath;C:\Users\lomip\scoop\shims;C:\Program Files\MySQL\MySQL Shell 8.0\bin\;C:\Users\lomip\AppData\Local\Microsoft\WindowsApps;C:\Users\lomip\AppData\Local\Programs\Microsoft VS Code\bin;C:\Users\lomip\AppData\Local\GitHubDesktop\bin;C:\Users\lomip\AppData\Roaming\Composer\vendor\bin;C:\Users\lomip\.dotnet\tools;C:\Users\lomip\AppData\Local\gitkraken\bin;."/>
    <property name="maven.conf" value="C:\Users\lomip\Documents\Master\Intégration_Continue\apache-maven-3.8.6/conf"/>
    <property name="jdk.debug" value="release"/>
    <property name="java.class.version" value="63.0"/>
    <property name="java.specification.name" value="Java Platform API Specification"/>
    <property name="sun.management.compiler" value="HotSpot 64-Bit Tiered Compilers"/>
    <property name="os.version" value="10.0"/>
    <property name="library.jansi.path" value="C:\Users\lomip\Documents\Master\Intégration_Continue\apache-maven-3.8.6\lib\jansi-native"/>
    <property name="user.home" value="C:\Users\lomip"/>
    <property name="user.timezone" value="Europe/Paris"/>
    <property name="file.encoding" value="UTF-8"/>
    <property name="java.specification.version" value="19"/>
    <property name="user.name" value="lomip"/>
    <property name="java.class.path" value="C:\Users\lomip\Documents\Master\Intégration_Continue\apache-maven-3.8.6\boot\plexus-classworlds-2.6.0.jar"/>
    <property name="java.vm.specification.version" value="19"/>
    <property name="sun.arch.data.model" value="64"/>
    <property name="sun.java.command" value="org.codehaus.plexus.classworlds.launcher.Launcher package"/>
    <property name="java.home" value="C:\Users\lomip\Documents\Master\Intégration_Continue\jdk-19.0.1"/>
    <property name="user.language" value="fr"/>
    <property name="java.specification.vendor" value="Oracle Corporation"/>
    <property name="java.vm.info" value="mixed mode, sharing"/>
    <property name="java.version" value="19.0.1"/>
    <property name="native.encoding" value="Cp1252"/>
    <property name="java.vendor" value="Oracle Corporation"/>
    <property name="maven.home" value="C:\Users\lomip\Documents\Master\Intégration_Continue\apache-maven-3.8.6"/>
    <property name="file.separator" value="\"/>
    <property name="java.version.date" value="2022-10-18"/>
    <property name="java.vendor.url.bug" value="https://bugreport.java.com/bugreport/"/>
    <property name="sun.io.unicode.encoding" value="UnicodeLittle"/>
    <property name="sun.cpu.endian" value="little"/>
    <property name="sun.cpu.isalist" value="amd64"/>
  </properties>
  <testcase classname="com.github.ricksbrown.cowsay.CowFormatterTest" name="testFormatCowInvalid" time="0.001"/>
</testsuite>